{
"/Users/metavurt/__PROJECTS/ng-bla/dist/dev/app/system-config.js":{"path":"/Users/metavurt/__PROJECTS/ng-bla/dist/dev/app/system-config.js","s":{"1":1},"b":{},"f":{},"fnMap":{},"statementMap":{"1":{"start":{"line":1,"column":0},"end":{"line":1,"column":1505}}},"branchMap":{},"l":{"1":1}},
"/Users/metavurt/__PROJECTS/ng-bla/dist/dev/app/home/home.component.js":{"path":"/Users/metavurt/__PROJECTS/ng-bla/dist/dev/app/home/home.component.js","s":{"1":1,"2":1,"3":1,"4":0,"5":1,"6":2,"7":2,"8":1,"9":1,"10":1,"11":1,"12":1,"13":1,"14":1,"15":1,"16":1,"17":1,"18":1,"19":1,"20":1},"b":{"1":[1,1,1],"2":[1,0],"3":[0,0],"4":[0,1],"5":[1,1],"6":[2,0],"7":[2,1],"8":[2,0],"9":[0,0],"10":[1,0,0],"11":[1,1,1],"12":[1,0],"13":[1,1]},"f":{"1":1,"2":1,"3":1,"4":1,"5":0},"fnMap":{"1":{"name":"(anonymous_1)","line":2,"loc":{"start":{"line":2,"column":46},"end":{"line":2,"column":87}}},"2":{"name":"(anonymous_2)","line":8,"loc":{"start":{"line":8,"column":46},"end":{"line":8,"column":62}}},"3":{"name":"(anonymous_3)","line":12,"loc":{"start":{"line":12,"column":21},"end":{"line":12,"column":33}}},"4":{"name":"HomeComponent","line":13,"loc":{"start":{"line":13,"column":4},"end":{"line":13,"column":29}}},"5":{"name":"(anonymous_5)","line":17,"loc":{"start":{"line":17,"column":39},"end":{"line":17,"column":51}}}},"statementMap":{"1":{"start":{"line":2,"column":0},"end":{"line":7,"column":2}},"2":{"start":{"line":3,"column":4},"end":{"line":3,"column":129}},"3":{"start":{"line":4,"column":4},"end":{"line":5,"column":150}},"4":{"start":{"line":4,"column":79},"end":{"line":4,"column":131}},"5":{"start":{"line":5,"column":9},"end":{"line":5,"column":150}},"6":{"start":{"line":5,"column":58},"end":{"line":5,"column":150}},"7":{"start":{"line":5,"column":81},"end":{"line":5,"column":150}},"8":{"start":{"line":6,"column":4},"end":{"line":6,"column":66}},"9":{"start":{"line":8,"column":0},"end":{"line":10,"column":2}},"10":{"start":{"line":9,"column":4},"end":{"line":9,"column":109}},"11":{"start":{"line":9,"column":79},"end":{"line":9,"column":109}},"12":{"start":{"line":11,"column":0},"end":{"line":11,"column":38}},"13":{"start":{"line":12,"column":0},"end":{"line":20,"column":5}},"14":{"start":{"line":13,"column":4},"end":{"line":16,"column":5}},"15":{"start":{"line":14,"column":8},"end":{"line":14,"column":26}},"16":{"start":{"line":15,"column":8},"end":{"line":15,"column":24}},"17":{"start":{"line":17,"column":4},"end":{"line":18,"column":6}},"18":{"start":{"line":19,"column":4},"end":{"line":19,"column":25}},"19":{"start":{"line":21,"column":0},"end":{"line":29,"column":18}},"20":{"start":{"line":30,"column":0},"end":{"line":30,"column":38}}},"branchMap":{"1":{"line":2,"type":"binary-expr","locations":[{"start":{"line":2,"column":18},"end":{"line":2,"column":22}},{"start":{"line":2,"column":26},"end":{"line":2,"column":41}},{"start":{"line":2,"column":46},"end":{"line":7,"column":1}}]},"2":{"line":3,"type":"cond-expr","locations":[{"start":{"line":3,"column":42},"end":{"line":3,"column":48}},{"start":{"line":3,"column":51},"end":{"line":3,"column":125}}]},"3":{"line":3,"type":"cond-expr","locations":[{"start":{"line":3,"column":67},"end":{"line":3,"column":118}},{"start":{"line":3,"column":121},"end":{"line":3,"column":125}}]},"4":{"line":4,"type":"if","locations":[{"start":{"line":4,"column":4},"end":{"line":4,"column":4}},{"start":{"line":4,"column":4},"end":{"line":4,"column":4}}]},"5":{"line":4,"type":"binary-expr","locations":[{"start":{"line":4,"column":8},"end":{"line":4,"column":35}},{"start":{"line":4,"column":39},"end":{"line":4,"column":77}}]},"6":{"line":5,"type":"if","locations":[{"start":{"line":5,"column":58},"end":{"line":5,"column":58}},{"start":{"line":5,"column":58},"end":{"line":5,"column":58}}]},"7":{"line":5,"type":"binary-expr","locations":[{"start":{"line":5,"column":86},"end":{"line":5,"column":143}},{"start":{"line":5,"column":148},"end":{"line":5,"column":149}}]},"8":{"line":5,"type":"cond-expr","locations":[{"start":{"line":5,"column":94},"end":{"line":5,"column":98}},{"start":{"line":5,"column":101},"end":{"line":5,"column":143}}]},"9":{"line":5,"type":"cond-expr","locations":[{"start":{"line":5,"column":109},"end":{"line":5,"column":126}},{"start":{"line":5,"column":129},"end":{"line":5,"column":143}}]},"10":{"line":6,"type":"binary-expr","locations":[{"start":{"line":6,"column":11},"end":{"line":6,"column":16}},{"start":{"line":6,"column":20},"end":{"line":6,"column":21}},{"start":{"line":6,"column":25},"end":{"line":6,"column":62}}]},"11":{"line":8,"type":"binary-expr","locations":[{"start":{"line":8,"column":18},"end":{"line":8,"column":22}},{"start":{"line":8,"column":26},"end":{"line":8,"column":41}},{"start":{"line":8,"column":46},"end":{"line":10,"column":1}}]},"12":{"line":9,"type":"if","locations":[{"start":{"line":9,"column":4},"end":{"line":9,"column":4}},{"start":{"line":9,"column":4},"end":{"line":9,"column":4}}]},"13":{"line":9,"type":"binary-expr","locations":[{"start":{"line":9,"column":8},"end":{"line":9,"column":35}},{"start":{"line":9,"column":39},"end":{"line":9,"column":77}}]}},"l":{"2":1,"3":1,"4":1,"5":2,"6":1,"8":1,"9":1,"11":1,"12":1,"13":1,"14":1,"15":1,"17":1,"19":1,"21":1,"30":1}},
"/Users/metavurt/__PROJECTS/ng-bla/dist/dev/app/about/about.component.js":{"path":"/Users/metavurt/__PROJECTS/ng-bla/dist/dev/app/about/about.component.js","s":{"1":1,"2":1,"3":1,"4":0,"5":1,"6":2,"7":2,"8":1,"9":1,"10":1,"11":1,"12":1,"13":1,"14":1,"15":1,"16":1,"17":1},"b":{"1":[1,1,1],"2":[1,0],"3":[0,0],"4":[0,1],"5":[1,1],"6":[2,0],"7":[2,1],"8":[2,0],"9":[0,0],"10":[1,0,0],"11":[1,1,1],"12":[1,0],"13":[1,1]},"f":{"1":1,"2":1,"3":1,"4":1},"fnMap":{"1":{"name":"(anonymous_1)","line":2,"loc":{"start":{"line":2,"column":46},"end":{"line":2,"column":87}}},"2":{"name":"(anonymous_2)","line":8,"loc":{"start":{"line":8,"column":46},"end":{"line":8,"column":62}}},"3":{"name":"(anonymous_3)","line":12,"loc":{"start":{"line":12,"column":22},"end":{"line":12,"column":34}}},"4":{"name":"AboutComponent","line":13,"loc":{"start":{"line":13,"column":4},"end":{"line":13,"column":30}}}},"statementMap":{"1":{"start":{"line":2,"column":0},"end":{"line":7,"column":2}},"2":{"start":{"line":3,"column":4},"end":{"line":3,"column":129}},"3":{"start":{"line":4,"column":4},"end":{"line":5,"column":150}},"4":{"start":{"line":4,"column":79},"end":{"line":4,"column":131}},"5":{"start":{"line":5,"column":9},"end":{"line":5,"column":150}},"6":{"start":{"line":5,"column":58},"end":{"line":5,"column":150}},"7":{"start":{"line":5,"column":81},"end":{"line":5,"column":150}},"8":{"start":{"line":6,"column":4},"end":{"line":6,"column":66}},"9":{"start":{"line":8,"column":0},"end":{"line":10,"column":2}},"10":{"start":{"line":9,"column":4},"end":{"line":9,"column":109}},"11":{"start":{"line":9,"column":79},"end":{"line":9,"column":109}},"12":{"start":{"line":11,"column":0},"end":{"line":11,"column":38}},"13":{"start":{"line":12,"column":0},"end":{"line":16,"column":5}},"14":{"start":{"line":13,"column":4},"end":{"line":14,"column":5}},"15":{"start":{"line":15,"column":4},"end":{"line":15,"column":26}},"16":{"start":{"line":17,"column":0},"end":{"line":25,"column":19}},"17":{"start":{"line":26,"column":0},"end":{"line":26,"column":40}}},"branchMap":{"1":{"line":2,"type":"binary-expr","locations":[{"start":{"line":2,"column":18},"end":{"line":2,"column":22}},{"start":{"line":2,"column":26},"end":{"line":2,"column":41}},{"start":{"line":2,"column":46},"end":{"line":7,"column":1}}]},"2":{"line":3,"type":"cond-expr","locations":[{"start":{"line":3,"column":42},"end":{"line":3,"column":48}},{"start":{"line":3,"column":51},"end":{"line":3,"column":125}}]},"3":{"line":3,"type":"cond-expr","locations":[{"start":{"line":3,"column":67},"end":{"line":3,"column":118}},{"start":{"line":3,"column":121},"end":{"line":3,"column":125}}]},"4":{"line":4,"type":"if","locations":[{"start":{"line":4,"column":4},"end":{"line":4,"column":4}},{"start":{"line":4,"column":4},"end":{"line":4,"column":4}}]},"5":{"line":4,"type":"binary-expr","locations":[{"start":{"line":4,"column":8},"end":{"line":4,"column":35}},{"start":{"line":4,"column":39},"end":{"line":4,"column":77}}]},"6":{"line":5,"type":"if","locations":[{"start":{"line":5,"column":58},"end":{"line":5,"column":58}},{"start":{"line":5,"column":58},"end":{"line":5,"column":58}}]},"7":{"line":5,"type":"binary-expr","locations":[{"start":{"line":5,"column":86},"end":{"line":5,"column":143}},{"start":{"line":5,"column":148},"end":{"line":5,"column":149}}]},"8":{"line":5,"type":"cond-expr","locations":[{"start":{"line":5,"column":94},"end":{"line":5,"column":98}},{"start":{"line":5,"column":101},"end":{"line":5,"column":143}}]},"9":{"line":5,"type":"cond-expr","locations":[{"start":{"line":5,"column":109},"end":{"line":5,"column":126}},{"start":{"line":5,"column":129},"end":{"line":5,"column":143}}]},"10":{"line":6,"type":"binary-expr","locations":[{"start":{"line":6,"column":11},"end":{"line":6,"column":16}},{"start":{"line":6,"column":20},"end":{"line":6,"column":21}},{"start":{"line":6,"column":25},"end":{"line":6,"column":62}}]},"11":{"line":8,"type":"binary-expr","locations":[{"start":{"line":8,"column":18},"end":{"line":8,"column":22}},{"start":{"line":8,"column":26},"end":{"line":8,"column":41}},{"start":{"line":8,"column":46},"end":{"line":10,"column":1}}]},"12":{"line":9,"type":"if","locations":[{"start":{"line":9,"column":4},"end":{"line":9,"column":4}},{"start":{"line":9,"column":4},"end":{"line":9,"column":4}}]},"13":{"line":9,"type":"binary-expr","locations":[{"start":{"line":9,"column":8},"end":{"line":9,"column":35}},{"start":{"line":9,"column":39},"end":{"line":9,"column":77}}]}},"l":{"2":1,"3":1,"4":1,"5":2,"6":1,"8":1,"9":1,"11":1,"12":1,"13":1,"15":1,"17":1,"26":1}},
"/Users/metavurt/__PROJECTS/ng-bla/dist/dev/app/teams/teams.component.js":{"path":"/Users/metavurt/__PROJECTS/ng-bla/dist/dev/app/teams/teams.component.js","s":{"1":1,"2":1,"3":1,"4":0,"5":1,"6":2,"7":2,"8":1,"9":1,"10":1,"11":1,"12":1,"13":1,"14":1,"15":1,"16":1,"17":1},"b":{"1":[1,1,1],"2":[1,0],"3":[0,0],"4":[0,1],"5":[1,1],"6":[2,0],"7":[2,1],"8":[2,0],"9":[0,0],"10":[1,0,0],"11":[1,1,1],"12":[1,0],"13":[1,1]},"f":{"1":1,"2":1,"3":1,"4":1},"fnMap":{"1":{"name":"(anonymous_1)","line":2,"loc":{"start":{"line":2,"column":46},"end":{"line":2,"column":87}}},"2":{"name":"(anonymous_2)","line":8,"loc":{"start":{"line":8,"column":46},"end":{"line":8,"column":62}}},"3":{"name":"(anonymous_3)","line":12,"loc":{"start":{"line":12,"column":22},"end":{"line":12,"column":34}}},"4":{"name":"TeamsComponent","line":13,"loc":{"start":{"line":13,"column":4},"end":{"line":13,"column":30}}}},"statementMap":{"1":{"start":{"line":2,"column":0},"end":{"line":7,"column":2}},"2":{"start":{"line":3,"column":4},"end":{"line":3,"column":129}},"3":{"start":{"line":4,"column":4},"end":{"line":5,"column":150}},"4":{"start":{"line":4,"column":79},"end":{"line":4,"column":131}},"5":{"start":{"line":5,"column":9},"end":{"line":5,"column":150}},"6":{"start":{"line":5,"column":58},"end":{"line":5,"column":150}},"7":{"start":{"line":5,"column":81},"end":{"line":5,"column":150}},"8":{"start":{"line":6,"column":4},"end":{"line":6,"column":66}},"9":{"start":{"line":8,"column":0},"end":{"line":10,"column":2}},"10":{"start":{"line":9,"column":4},"end":{"line":9,"column":109}},"11":{"start":{"line":9,"column":79},"end":{"line":9,"column":109}},"12":{"start":{"line":11,"column":0},"end":{"line":11,"column":38}},"13":{"start":{"line":12,"column":0},"end":{"line":16,"column":5}},"14":{"start":{"line":13,"column":4},"end":{"line":14,"column":5}},"15":{"start":{"line":15,"column":4},"end":{"line":15,"column":26}},"16":{"start":{"line":17,"column":0},"end":{"line":25,"column":19}},"17":{"start":{"line":26,"column":0},"end":{"line":26,"column":40}}},"branchMap":{"1":{"line":2,"type":"binary-expr","locations":[{"start":{"line":2,"column":18},"end":{"line":2,"column":22}},{"start":{"line":2,"column":26},"end":{"line":2,"column":41}},{"start":{"line":2,"column":46},"end":{"line":7,"column":1}}]},"2":{"line":3,"type":"cond-expr","locations":[{"start":{"line":3,"column":42},"end":{"line":3,"column":48}},{"start":{"line":3,"column":51},"end":{"line":3,"column":125}}]},"3":{"line":3,"type":"cond-expr","locations":[{"start":{"line":3,"column":67},"end":{"line":3,"column":118}},{"start":{"line":3,"column":121},"end":{"line":3,"column":125}}]},"4":{"line":4,"type":"if","locations":[{"start":{"line":4,"column":4},"end":{"line":4,"column":4}},{"start":{"line":4,"column":4},"end":{"line":4,"column":4}}]},"5":{"line":4,"type":"binary-expr","locations":[{"start":{"line":4,"column":8},"end":{"line":4,"column":35}},{"start":{"line":4,"column":39},"end":{"line":4,"column":77}}]},"6":{"line":5,"type":"if","locations":[{"start":{"line":5,"column":58},"end":{"line":5,"column":58}},{"start":{"line":5,"column":58},"end":{"line":5,"column":58}}]},"7":{"line":5,"type":"binary-expr","locations":[{"start":{"line":5,"column":86},"end":{"line":5,"column":143}},{"start":{"line":5,"column":148},"end":{"line":5,"column":149}}]},"8":{"line":5,"type":"cond-expr","locations":[{"start":{"line":5,"column":94},"end":{"line":5,"column":98}},{"start":{"line":5,"column":101},"end":{"line":5,"column":143}}]},"9":{"line":5,"type":"cond-expr","locations":[{"start":{"line":5,"column":109},"end":{"line":5,"column":126}},{"start":{"line":5,"column":129},"end":{"line":5,"column":143}}]},"10":{"line":6,"type":"binary-expr","locations":[{"start":{"line":6,"column":11},"end":{"line":6,"column":16}},{"start":{"line":6,"column":20},"end":{"line":6,"column":21}},{"start":{"line":6,"column":25},"end":{"line":6,"column":62}}]},"11":{"line":8,"type":"binary-expr","locations":[{"start":{"line":8,"column":18},"end":{"line":8,"column":22}},{"start":{"line":8,"column":26},"end":{"line":8,"column":41}},{"start":{"line":8,"column":46},"end":{"line":10,"column":1}}]},"12":{"line":9,"type":"if","locations":[{"start":{"line":9,"column":4},"end":{"line":9,"column":4}},{"start":{"line":9,"column":4},"end":{"line":9,"column":4}}]},"13":{"line":9,"type":"binary-expr","locations":[{"start":{"line":9,"column":8},"end":{"line":9,"column":35}},{"start":{"line":9,"column":39},"end":{"line":9,"column":77}}]}},"l":{"2":1,"3":1,"4":1,"5":2,"6":1,"8":1,"9":1,"11":1,"12":1,"13":1,"15":1,"17":1,"26":1}},
"/Users/metavurt/__PROJECTS/ng-bla/dist/dev/app/tops/tops.component.js":{"path":"/Users/metavurt/__PROJECTS/ng-bla/dist/dev/app/tops/tops.component.js","s":{"1":1,"2":1,"3":1,"4":0,"5":1,"6":2,"7":2,"8":1,"9":1,"10":1,"11":1,"12":1,"13":1,"14":1,"15":1,"16":1,"17":1},"b":{"1":[1,1,1],"2":[1,0],"3":[0,0],"4":[0,1],"5":[1,1],"6":[2,0],"7":[2,1],"8":[2,0],"9":[0,0],"10":[1,0,0],"11":[1,1,1],"12":[1,0],"13":[1,1]},"f":{"1":1,"2":1,"3":1,"4":1},"fnMap":{"1":{"name":"(anonymous_1)","line":2,"loc":{"start":{"line":2,"column":46},"end":{"line":2,"column":87}}},"2":{"name":"(anonymous_2)","line":8,"loc":{"start":{"line":8,"column":46},"end":{"line":8,"column":62}}},"3":{"name":"(anonymous_3)","line":12,"loc":{"start":{"line":12,"column":21},"end":{"line":12,"column":33}}},"4":{"name":"TopsComponent","line":13,"loc":{"start":{"line":13,"column":4},"end":{"line":13,"column":29}}}},"statementMap":{"1":{"start":{"line":2,"column":0},"end":{"line":7,"column":2}},"2":{"start":{"line":3,"column":4},"end":{"line":3,"column":129}},"3":{"start":{"line":4,"column":4},"end":{"line":5,"column":150}},"4":{"start":{"line":4,"column":79},"end":{"line":4,"column":131}},"5":{"start":{"line":5,"column":9},"end":{"line":5,"column":150}},"6":{"start":{"line":5,"column":58},"end":{"line":5,"column":150}},"7":{"start":{"line":5,"column":81},"end":{"line":5,"column":150}},"8":{"start":{"line":6,"column":4},"end":{"line":6,"column":66}},"9":{"start":{"line":8,"column":0},"end":{"line":10,"column":2}},"10":{"start":{"line":9,"column":4},"end":{"line":9,"column":109}},"11":{"start":{"line":9,"column":79},"end":{"line":9,"column":109}},"12":{"start":{"line":11,"column":0},"end":{"line":11,"column":38}},"13":{"start":{"line":12,"column":0},"end":{"line":16,"column":5}},"14":{"start":{"line":13,"column":4},"end":{"line":14,"column":5}},"15":{"start":{"line":15,"column":4},"end":{"line":15,"column":25}},"16":{"start":{"line":17,"column":0},"end":{"line":25,"column":18}},"17":{"start":{"line":26,"column":0},"end":{"line":26,"column":38}}},"branchMap":{"1":{"line":2,"type":"binary-expr","locations":[{"start":{"line":2,"column":18},"end":{"line":2,"column":22}},{"start":{"line":2,"column":26},"end":{"line":2,"column":41}},{"start":{"line":2,"column":46},"end":{"line":7,"column":1}}]},"2":{"line":3,"type":"cond-expr","locations":[{"start":{"line":3,"column":42},"end":{"line":3,"column":48}},{"start":{"line":3,"column":51},"end":{"line":3,"column":125}}]},"3":{"line":3,"type":"cond-expr","locations":[{"start":{"line":3,"column":67},"end":{"line":3,"column":118}},{"start":{"line":3,"column":121},"end":{"line":3,"column":125}}]},"4":{"line":4,"type":"if","locations":[{"start":{"line":4,"column":4},"end":{"line":4,"column":4}},{"start":{"line":4,"column":4},"end":{"line":4,"column":4}}]},"5":{"line":4,"type":"binary-expr","locations":[{"start":{"line":4,"column":8},"end":{"line":4,"column":35}},{"start":{"line":4,"column":39},"end":{"line":4,"column":77}}]},"6":{"line":5,"type":"if","locations":[{"start":{"line":5,"column":58},"end":{"line":5,"column":58}},{"start":{"line":5,"column":58},"end":{"line":5,"column":58}}]},"7":{"line":5,"type":"binary-expr","locations":[{"start":{"line":5,"column":86},"end":{"line":5,"column":143}},{"start":{"line":5,"column":148},"end":{"line":5,"column":149}}]},"8":{"line":5,"type":"cond-expr","locations":[{"start":{"line":5,"column":94},"end":{"line":5,"column":98}},{"start":{"line":5,"column":101},"end":{"line":5,"column":143}}]},"9":{"line":5,"type":"cond-expr","locations":[{"start":{"line":5,"column":109},"end":{"line":5,"column":126}},{"start":{"line":5,"column":129},"end":{"line":5,"column":143}}]},"10":{"line":6,"type":"binary-expr","locations":[{"start":{"line":6,"column":11},"end":{"line":6,"column":16}},{"start":{"line":6,"column":20},"end":{"line":6,"column":21}},{"start":{"line":6,"column":25},"end":{"line":6,"column":62}}]},"11":{"line":8,"type":"binary-expr","locations":[{"start":{"line":8,"column":18},"end":{"line":8,"column":22}},{"start":{"line":8,"column":26},"end":{"line":8,"column":41}},{"start":{"line":8,"column":46},"end":{"line":10,"column":1}}]},"12":{"line":9,"type":"if","locations":[{"start":{"line":9,"column":4},"end":{"line":9,"column":4}},{"start":{"line":9,"column":4},"end":{"line":9,"column":4}}]},"13":{"line":9,"type":"binary-expr","locations":[{"start":{"line":9,"column":8},"end":{"line":9,"column":35}},{"start":{"line":9,"column":39},"end":{"line":9,"column":77}}]}},"l":{"2":1,"3":1,"4":1,"5":2,"6":1,"8":1,"9":1,"11":1,"12":1,"13":1,"15":1,"17":1,"26":1}},
"/Users/metavurt/__PROJECTS/ng-bla/dist/dev/app/app.component.js":{"path":"/Users/metavurt/__PROJECTS/ng-bla/dist/dev/app/app.component.js","s":{"1":1,"2":1,"3":1,"4":0,"5":1,"6":2,"7":2,"8":1,"9":1,"10":1,"11":1,"12":1,"13":1,"14":1,"15":1,"16":1,"17":1,"18":1,"19":1,"20":1},"b":{"1":[1,1,1],"2":[1,0],"3":[0,0],"4":[0,1],"5":[1,1],"6":[2,0],"7":[2,1],"8":[2,0],"9":[0,0],"10":[1,0,0],"11":[1,1,1],"12":[1,0],"13":[1,1]},"f":{"1":1,"2":1,"3":1,"4":1},"fnMap":{"1":{"name":"(anonymous_1)","line":2,"loc":{"start":{"line":2,"column":46},"end":{"line":2,"column":87}}},"2":{"name":"(anonymous_2)","line":8,"loc":{"start":{"line":8,"column":46},"end":{"line":8,"column":62}}},"3":{"name":"(anonymous_3)","line":14,"loc":{"start":{"line":14,"column":20},"end":{"line":14,"column":32}}},"4":{"name":"AppComponent","line":15,"loc":{"start":{"line":15,"column":4},"end":{"line":15,"column":28}}}},"statementMap":{"1":{"start":{"line":2,"column":0},"end":{"line":7,"column":2}},"2":{"start":{"line":3,"column":4},"end":{"line":3,"column":129}},"3":{"start":{"line":4,"column":4},"end":{"line":5,"column":150}},"4":{"start":{"line":4,"column":79},"end":{"line":4,"column":131}},"5":{"start":{"line":5,"column":9},"end":{"line":5,"column":150}},"6":{"start":{"line":5,"column":58},"end":{"line":5,"column":150}},"7":{"start":{"line":5,"column":81},"end":{"line":5,"column":150}},"8":{"start":{"line":6,"column":4},"end":{"line":6,"column":66}},"9":{"start":{"line":8,"column":0},"end":{"line":10,"column":2}},"10":{"start":{"line":9,"column":4},"end":{"line":9,"column":109}},"11":{"start":{"line":9,"column":79},"end":{"line":9,"column":109}},"12":{"start":{"line":11,"column":0},"end":{"line":11,"column":38}},"13":{"start":{"line":12,"column":0},"end":{"line":12,"column":40}},"14":{"start":{"line":13,"column":0},"end":{"line":13,"column":23}},"15":{"start":{"line":14,"column":0},"end":{"line":19,"column":5}},"16":{"start":{"line":15,"column":4},"end":{"line":17,"column":5}},"17":{"start":{"line":16,"column":8},"end":{"line":16,"column":58}},"18":{"start":{"line":18,"column":4},"end":{"line":18,"column":24}},"19":{"start":{"line":20,"column":0},"end":{"line":27,"column":17}},"20":{"start":{"line":28,"column":0},"end":{"line":28,"column":36}}},"branchMap":{"1":{"line":2,"type":"binary-expr","locations":[{"start":{"line":2,"column":18},"end":{"line":2,"column":22}},{"start":{"line":2,"column":26},"end":{"line":2,"column":41}},{"start":{"line":2,"column":46},"end":{"line":7,"column":1}}]},"2":{"line":3,"type":"cond-expr","locations":[{"start":{"line":3,"column":42},"end":{"line":3,"column":48}},{"start":{"line":3,"column":51},"end":{"line":3,"column":125}}]},"3":{"line":3,"type":"cond-expr","locations":[{"start":{"line":3,"column":67},"end":{"line":3,"column":118}},{"start":{"line":3,"column":121},"end":{"line":3,"column":125}}]},"4":{"line":4,"type":"if","locations":[{"start":{"line":4,"column":4},"end":{"line":4,"column":4}},{"start":{"line":4,"column":4},"end":{"line":4,"column":4}}]},"5":{"line":4,"type":"binary-expr","locations":[{"start":{"line":4,"column":8},"end":{"line":4,"column":35}},{"start":{"line":4,"column":39},"end":{"line":4,"column":77}}]},"6":{"line":5,"type":"if","locations":[{"start":{"line":5,"column":58},"end":{"line":5,"column":58}},{"start":{"line":5,"column":58},"end":{"line":5,"column":58}}]},"7":{"line":5,"type":"binary-expr","locations":[{"start":{"line":5,"column":86},"end":{"line":5,"column":143}},{"start":{"line":5,"column":148},"end":{"line":5,"column":149}}]},"8":{"line":5,"type":"cond-expr","locations":[{"start":{"line":5,"column":94},"end":{"line":5,"column":98}},{"start":{"line":5,"column":101},"end":{"line":5,"column":143}}]},"9":{"line":5,"type":"cond-expr","locations":[{"start":{"line":5,"column":109},"end":{"line":5,"column":126}},{"start":{"line":5,"column":129},"end":{"line":5,"column":143}}]},"10":{"line":6,"type":"binary-expr","locations":[{"start":{"line":6,"column":11},"end":{"line":6,"column":16}},{"start":{"line":6,"column":20},"end":{"line":6,"column":21}},{"start":{"line":6,"column":25},"end":{"line":6,"column":62}}]},"11":{"line":8,"type":"binary-expr","locations":[{"start":{"line":8,"column":18},"end":{"line":8,"column":22}},{"start":{"line":8,"column":26},"end":{"line":8,"column":41}},{"start":{"line":8,"column":46},"end":{"line":10,"column":1}}]},"12":{"line":9,"type":"if","locations":[{"start":{"line":9,"column":4},"end":{"line":9,"column":4}},{"start":{"line":9,"column":4},"end":{"line":9,"column":4}}]},"13":{"line":9,"type":"binary-expr","locations":[{"start":{"line":9,"column":8},"end":{"line":9,"column":35}},{"start":{"line":9,"column":39},"end":{"line":9,"column":77}}]}},"l":{"2":1,"3":1,"4":1,"5":2,"6":1,"8":1,"9":1,"11":1,"12":1,"13":1,"14":1,"15":1,"16":1,"18":1,"20":1,"28":1}},
"/Users/metavurt/__PROJECTS/ng-bla/dist/dev/app/shared/name-list/name-list.service.js":{"path":"/Users/metavurt/__PROJECTS/ng-bla/dist/dev/app/shared/name-list/name-list.service.js","s":{"1":1,"2":1,"3":1,"4":0,"5":1,"6":2,"7":2,"8":1,"9":1,"10":1,"11":1,"12":1,"13":1,"14":1,"15":1,"16":1,"17":2,"18":1,"19":2,"20":1,"21":1,"22":0,"23":0,"24":0,"25":1,"26":1,"27":1},"b":{"1":[1,1,1],"2":[1,0],"3":[0,0],"4":[0,1],"5":[1,1],"6":[2,0],"7":[2,1],"8":[2,0],"9":[0,0],"10":[1,0,0],"11":[1,1,1],"12":[1,0],"13":[1,1],"14":[0,0],"15":[0,0]},"f":{"1":1,"2":1,"3":1,"4":2,"5":2,"6":1,"7":0},"fnMap":{"1":{"name":"(anonymous_1)","line":2,"loc":{"start":{"line":2,"column":46},"end":{"line":2,"column":87}}},"2":{"name":"(anonymous_2)","line":8,"loc":{"start":{"line":8,"column":46},"end":{"line":8,"column":62}}},"3":{"name":"(anonymous_3)","line":14,"loc":{"start":{"line":14,"column":23},"end":{"line":14,"column":35}}},"4":{"name":"NameListService","line":15,"loc":{"start":{"line":15,"column":4},"end":{"line":15,"column":35}}},"5":{"name":"(anonymous_5)","line":18,"loc":{"start":{"line":18,"column":36},"end":{"line":18,"column":48}}},"6":{"name":"(anonymous_6)","line":20,"loc":{"start":{"line":20,"column":17},"end":{"line":20,"column":32}}},"7":{"name":"(anonymous_7)","line":23,"loc":{"start":{"line":23,"column":44},"end":{"line":23,"column":61}}}},"statementMap":{"1":{"start":{"line":2,"column":0},"end":{"line":7,"column":2}},"2":{"start":{"line":3,"column":4},"end":{"line":3,"column":129}},"3":{"start":{"line":4,"column":4},"end":{"line":5,"column":150}},"4":{"start":{"line":4,"column":79},"end":{"line":4,"column":131}},"5":{"start":{"line":5,"column":9},"end":{"line":5,"column":150}},"6":{"start":{"line":5,"column":58},"end":{"line":5,"column":150}},"7":{"start":{"line":5,"column":81},"end":{"line":5,"column":150}},"8":{"start":{"line":6,"column":4},"end":{"line":6,"column":66}},"9":{"start":{"line":8,"column":0},"end":{"line":10,"column":2}},"10":{"start":{"line":9,"column":4},"end":{"line":9,"column":109}},"11":{"start":{"line":9,"column":79},"end":{"line":9,"column":109}},"12":{"start":{"line":11,"column":0},"end":{"line":11,"column":38}},"13":{"start":{"line":12,"column":0},"end":{"line":12,"column":38}},"14":{"start":{"line":13,"column":0},"end":{"line":13,"column":46}},"15":{"start":{"line":14,"column":0},"end":{"line":30,"column":5}},"16":{"start":{"line":15,"column":4},"end":{"line":17,"column":5}},"17":{"start":{"line":16,"column":8},"end":{"line":16,"column":25}},"18":{"start":{"line":18,"column":4},"end":{"line":22,"column":6}},"19":{"start":{"line":19,"column":8},"end":{"line":21,"column":37}},"20":{"start":{"line":20,"column":34},"end":{"line":20,"column":52}},"21":{"start":{"line":23,"column":4},"end":{"line":28,"column":6}},"22":{"start":{"line":24,"column":8},"end":{"line":25,"column":84}},"23":{"start":{"line":26,"column":8},"end":{"line":26,"column":30}},"24":{"start":{"line":27,"column":8},"end":{"line":27,"column":53}},"25":{"start":{"line":29,"column":4},"end":{"line":29,"column":27}},"26":{"start":{"line":31,"column":0},"end":{"line":34,"column":20}},"27":{"start":{"line":35,"column":0},"end":{"line":35,"column":42}}},"branchMap":{"1":{"line":2,"type":"binary-expr","locations":[{"start":{"line":2,"column":18},"end":{"line":2,"column":22}},{"start":{"line":2,"column":26},"end":{"line":2,"column":41}},{"start":{"line":2,"column":46},"end":{"line":7,"column":1}}]},"2":{"line":3,"type":"cond-expr","locations":[{"start":{"line":3,"column":42},"end":{"line":3,"column":48}},{"start":{"line":3,"column":51},"end":{"line":3,"column":125}}]},"3":{"line":3,"type":"cond-expr","locations":[{"start":{"line":3,"column":67},"end":{"line":3,"column":118}},{"start":{"line":3,"column":121},"end":{"line":3,"column":125}}]},"4":{"line":4,"type":"if","locations":[{"start":{"line":4,"column":4},"end":{"line":4,"column":4}},{"start":{"line":4,"column":4},"end":{"line":4,"column":4}}]},"5":{"line":4,"type":"binary-expr","locations":[{"start":{"line":4,"column":8},"end":{"line":4,"column":35}},{"start":{"line":4,"column":39},"end":{"line":4,"column":77}}]},"6":{"line":5,"type":"if","locations":[{"start":{"line":5,"column":58},"end":{"line":5,"column":58}},{"start":{"line":5,"column":58},"end":{"line":5,"column":58}}]},"7":{"line":5,"type":"binary-expr","locations":[{"start":{"line":5,"column":86},"end":{"line":5,"column":143}},{"start":{"line":5,"column":148},"end":{"line":5,"column":149}}]},"8":{"line":5,"type":"cond-expr","locations":[{"start":{"line":5,"column":94},"end":{"line":5,"column":98}},{"start":{"line":5,"column":101},"end":{"line":5,"column":143}}]},"9":{"line":5,"type":"cond-expr","locations":[{"start":{"line":5,"column":109},"end":{"line":5,"column":126}},{"start":{"line":5,"column":129},"end":{"line":5,"column":143}}]},"10":{"line":6,"type":"binary-expr","locations":[{"start":{"line":6,"column":11},"end":{"line":6,"column":16}},{"start":{"line":6,"column":20},"end":{"line":6,"column":21}},{"start":{"line":6,"column":25},"end":{"line":6,"column":62}}]},"11":{"line":8,"type":"binary-expr","locations":[{"start":{"line":8,"column":18},"end":{"line":8,"column":22}},{"start":{"line":8,"column":26},"end":{"line":8,"column":41}},{"start":{"line":8,"column":46},"end":{"line":10,"column":1}}]},"12":{"line":9,"type":"if","locations":[{"start":{"line":9,"column":4},"end":{"line":9,"column":4}},{"start":{"line":9,"column":4},"end":{"line":9,"column":4}}]},"13":{"line":9,"type":"binary-expr","locations":[{"start":{"line":9,"column":8},"end":{"line":9,"column":35}},{"start":{"line":9,"column":39},"end":{"line":9,"column":77}}]},"14":{"line":24,"type":"cond-expr","locations":[{"start":{"line":24,"column":39},"end":{"line":24,"column":52}},{"start":{"line":25,"column":12},"end":{"line":25,"column":83}}]},"15":{"line":25,"type":"cond-expr","locations":[{"start":{"line":25,"column":27},"end":{"line":25,"column":66}},{"start":{"line":25,"column":69},"end":{"line":25,"column":83}}]}},"l":{"2":1,"3":1,"4":1,"5":2,"6":1,"8":1,"9":1,"11":1,"12":1,"13":1,"14":1,"15":1,"16":2,"18":1,"19":2,"20":1,"23":1,"24":0,"26":0,"27":0,"29":1,"31":1,"35":1}},
"/Users/metavurt/__PROJECTS/ng-bla/dist/dev/app/shared/navbar/navbar.component.js":{"path":"/Users/metavurt/__PROJECTS/ng-bla/dist/dev/app/shared/navbar/navbar.component.js","s":{"1":1,"2":1,"3":1,"4":0,"5":1,"6":2,"7":2,"8":1,"9":1,"10":1,"11":1,"12":1,"13":1,"14":1,"15":1,"16":1,"17":1},"b":{"1":[1,1,1],"2":[1,0],"3":[0,0],"4":[0,1],"5":[1,1],"6":[2,0],"7":[2,1],"8":[2,0],"9":[0,0],"10":[1,0,0],"11":[1,1,1],"12":[1,0],"13":[1,1]},"f":{"1":1,"2":1,"3":1,"4":1},"fnMap":{"1":{"name":"(anonymous_1)","line":2,"loc":{"start":{"line":2,"column":46},"end":{"line":2,"column":87}}},"2":{"name":"(anonymous_2)","line":8,"loc":{"start":{"line":8,"column":46},"end":{"line":8,"column":62}}},"3":{"name":"(anonymous_3)","line":12,"loc":{"start":{"line":12,"column":23},"end":{"line":12,"column":35}}},"4":{"name":"NavbarComponent","line":13,"loc":{"start":{"line":13,"column":4},"end":{"line":13,"column":31}}}},"statementMap":{"1":{"start":{"line":2,"column":0},"end":{"line":7,"column":2}},"2":{"start":{"line":3,"column":4},"end":{"line":3,"column":129}},"3":{"start":{"line":4,"column":4},"end":{"line":5,"column":150}},"4":{"start":{"line":4,"column":79},"end":{"line":4,"column":131}},"5":{"start":{"line":5,"column":9},"end":{"line":5,"column":150}},"6":{"start":{"line":5,"column":58},"end":{"line":5,"column":150}},"7":{"start":{"line":5,"column":81},"end":{"line":5,"column":150}},"8":{"start":{"line":6,"column":4},"end":{"line":6,"column":66}},"9":{"start":{"line":8,"column":0},"end":{"line":10,"column":2}},"10":{"start":{"line":9,"column":4},"end":{"line":9,"column":109}},"11":{"start":{"line":9,"column":79},"end":{"line":9,"column":109}},"12":{"start":{"line":11,"column":0},"end":{"line":11,"column":38}},"13":{"start":{"line":12,"column":0},"end":{"line":16,"column":5}},"14":{"start":{"line":13,"column":4},"end":{"line":14,"column":5}},"15":{"start":{"line":15,"column":4},"end":{"line":15,"column":27}},"16":{"start":{"line":17,"column":0},"end":{"line":25,"column":20}},"17":{"start":{"line":26,"column":0},"end":{"line":26,"column":42}}},"branchMap":{"1":{"line":2,"type":"binary-expr","locations":[{"start":{"line":2,"column":18},"end":{"line":2,"column":22}},{"start":{"line":2,"column":26},"end":{"line":2,"column":41}},{"start":{"line":2,"column":46},"end":{"line":7,"column":1}}]},"2":{"line":3,"type":"cond-expr","locations":[{"start":{"line":3,"column":42},"end":{"line":3,"column":48}},{"start":{"line":3,"column":51},"end":{"line":3,"column":125}}]},"3":{"line":3,"type":"cond-expr","locations":[{"start":{"line":3,"column":67},"end":{"line":3,"column":118}},{"start":{"line":3,"column":121},"end":{"line":3,"column":125}}]},"4":{"line":4,"type":"if","locations":[{"start":{"line":4,"column":4},"end":{"line":4,"column":4}},{"start":{"line":4,"column":4},"end":{"line":4,"column":4}}]},"5":{"line":4,"type":"binary-expr","locations":[{"start":{"line":4,"column":8},"end":{"line":4,"column":35}},{"start":{"line":4,"column":39},"end":{"line":4,"column":77}}]},"6":{"line":5,"type":"if","locations":[{"start":{"line":5,"column":58},"end":{"line":5,"column":58}},{"start":{"line":5,"column":58},"end":{"line":5,"column":58}}]},"7":{"line":5,"type":"binary-expr","locations":[{"start":{"line":5,"column":86},"end":{"line":5,"column":143}},{"start":{"line":5,"column":148},"end":{"line":5,"column":149}}]},"8":{"line":5,"type":"cond-expr","locations":[{"start":{"line":5,"column":94},"end":{"line":5,"column":98}},{"start":{"line":5,"column":101},"end":{"line":5,"column":143}}]},"9":{"line":5,"type":"cond-expr","locations":[{"start":{"line":5,"column":109},"end":{"line":5,"column":126}},{"start":{"line":5,"column":129},"end":{"line":5,"column":143}}]},"10":{"line":6,"type":"binary-expr","locations":[{"start":{"line":6,"column":11},"end":{"line":6,"column":16}},{"start":{"line":6,"column":20},"end":{"line":6,"column":21}},{"start":{"line":6,"column":25},"end":{"line":6,"column":62}}]},"11":{"line":8,"type":"binary-expr","locations":[{"start":{"line":8,"column":18},"end":{"line":8,"column":22}},{"start":{"line":8,"column":26},"end":{"line":8,"column":41}},{"start":{"line":8,"column":46},"end":{"line":10,"column":1}}]},"12":{"line":9,"type":"if","locations":[{"start":{"line":9,"column":4},"end":{"line":9,"column":4}},{"start":{"line":9,"column":4},"end":{"line":9,"column":4}}]},"13":{"line":9,"type":"binary-expr","locations":[{"start":{"line":9,"column":8},"end":{"line":9,"column":35}},{"start":{"line":9,"column":39},"end":{"line":9,"column":77}}]}},"l":{"2":1,"3":1,"4":1,"5":2,"6":1,"8":1,"9":1,"11":1,"12":1,"13":1,"15":1,"17":1,"26":1}},
"/Users/metavurt/__PROJECTS/ng-bla/dist/dev/app/shared/toolbar/toolbar.component.js":{"path":"/Users/metavurt/__PROJECTS/ng-bla/dist/dev/app/shared/toolbar/toolbar.component.js","s":{"1":1,"2":1,"3":1,"4":0,"5":1,"6":2,"7":2,"8":1,"9":1,"10":1,"11":1,"12":1,"13":1,"14":1,"15":1,"16":1,"17":1},"b":{"1":[1,1,1],"2":[1,0],"3":[0,0],"4":[0,1],"5":[1,1],"6":[2,0],"7":[2,1],"8":[2,0],"9":[0,0],"10":[1,0,0],"11":[1,1,1],"12":[1,0],"13":[1,1]},"f":{"1":1,"2":1,"3":1,"4":1},"fnMap":{"1":{"name":"(anonymous_1)","line":2,"loc":{"start":{"line":2,"column":46},"end":{"line":2,"column":87}}},"2":{"name":"(anonymous_2)","line":8,"loc":{"start":{"line":8,"column":46},"end":{"line":8,"column":62}}},"3":{"name":"(anonymous_3)","line":12,"loc":{"start":{"line":12,"column":24},"end":{"line":12,"column":36}}},"4":{"name":"ToolbarComponent","line":13,"loc":{"start":{"line":13,"column":4},"end":{"line":13,"column":32}}}},"statementMap":{"1":{"start":{"line":2,"column":0},"end":{"line":7,"column":2}},"2":{"start":{"line":3,"column":4},"end":{"line":3,"column":129}},"3":{"start":{"line":4,"column":4},"end":{"line":5,"column":150}},"4":{"start":{"line":4,"column":79},"end":{"line":4,"column":131}},"5":{"start":{"line":5,"column":9},"end":{"line":5,"column":150}},"6":{"start":{"line":5,"column":58},"end":{"line":5,"column":150}},"7":{"start":{"line":5,"column":81},"end":{"line":5,"column":150}},"8":{"start":{"line":6,"column":4},"end":{"line":6,"column":66}},"9":{"start":{"line":8,"column":0},"end":{"line":10,"column":2}},"10":{"start":{"line":9,"column":4},"end":{"line":9,"column":109}},"11":{"start":{"line":9,"column":79},"end":{"line":9,"column":109}},"12":{"start":{"line":11,"column":0},"end":{"line":11,"column":38}},"13":{"start":{"line":12,"column":0},"end":{"line":16,"column":5}},"14":{"start":{"line":13,"column":4},"end":{"line":14,"column":5}},"15":{"start":{"line":15,"column":4},"end":{"line":15,"column":28}},"16":{"start":{"line":17,"column":0},"end":{"line":25,"column":21}},"17":{"start":{"line":26,"column":0},"end":{"line":26,"column":44}}},"branchMap":{"1":{"line":2,"type":"binary-expr","locations":[{"start":{"line":2,"column":18},"end":{"line":2,"column":22}},{"start":{"line":2,"column":26},"end":{"line":2,"column":41}},{"start":{"line":2,"column":46},"end":{"line":7,"column":1}}]},"2":{"line":3,"type":"cond-expr","locations":[{"start":{"line":3,"column":42},"end":{"line":3,"column":48}},{"start":{"line":3,"column":51},"end":{"line":3,"column":125}}]},"3":{"line":3,"type":"cond-expr","locations":[{"start":{"line":3,"column":67},"end":{"line":3,"column":118}},{"start":{"line":3,"column":121},"end":{"line":3,"column":125}}]},"4":{"line":4,"type":"if","locations":[{"start":{"line":4,"column":4},"end":{"line":4,"column":4}},{"start":{"line":4,"column":4},"end":{"line":4,"column":4}}]},"5":{"line":4,"type":"binary-expr","locations":[{"start":{"line":4,"column":8},"end":{"line":4,"column":35}},{"start":{"line":4,"column":39},"end":{"line":4,"column":77}}]},"6":{"line":5,"type":"if","locations":[{"start":{"line":5,"column":58},"end":{"line":5,"column":58}},{"start":{"line":5,"column":58},"end":{"line":5,"column":58}}]},"7":{"line":5,"type":"binary-expr","locations":[{"start":{"line":5,"column":86},"end":{"line":5,"column":143}},{"start":{"line":5,"column":148},"end":{"line":5,"column":149}}]},"8":{"line":5,"type":"cond-expr","locations":[{"start":{"line":5,"column":94},"end":{"line":5,"column":98}},{"start":{"line":5,"column":101},"end":{"line":5,"column":143}}]},"9":{"line":5,"type":"cond-expr","locations":[{"start":{"line":5,"column":109},"end":{"line":5,"column":126}},{"start":{"line":5,"column":129},"end":{"line":5,"column":143}}]},"10":{"line":6,"type":"binary-expr","locations":[{"start":{"line":6,"column":11},"end":{"line":6,"column":16}},{"start":{"line":6,"column":20},"end":{"line":6,"column":21}},{"start":{"line":6,"column":25},"end":{"line":6,"column":62}}]},"11":{"line":8,"type":"binary-expr","locations":[{"start":{"line":8,"column":18},"end":{"line":8,"column":22}},{"start":{"line":8,"column":26},"end":{"line":8,"column":41}},{"start":{"line":8,"column":46},"end":{"line":10,"column":1}}]},"12":{"line":9,"type":"if","locations":[{"start":{"line":9,"column":4},"end":{"line":9,"column":4}},{"start":{"line":9,"column":4},"end":{"line":9,"column":4}}]},"13":{"line":9,"type":"binary-expr","locations":[{"start":{"line":9,"column":8},"end":{"line":9,"column":35}},{"start":{"line":9,"column":39},"end":{"line":9,"column":77}}]}},"l":{"2":1,"3":1,"4":1,"5":2,"6":1,"8":1,"9":1,"11":1,"12":1,"13":1,"15":1,"17":1,"26":1}},
"/Users/metavurt/__PROJECTS/ng-bla/dist/dev/app/shared/config/env.config.js":{"path":"/Users/metavurt/__PROJECTS/ng-bla/dist/dev/app/shared/config/env.config.js","s":{"1":1},"b":{},"f":{},"fnMap":{},"statementMap":{"1":{"start":{"line":2,"column":0},"end":{"line":2,"column":70}}},"branchMap":{},"l":{"2":1}},
"/Users/metavurt/__PROJECTS/ng-bla/dist/dev/app/operators.js":{"path":"/Users/metavurt/__PROJECTS/ng-bla/dist/dev/app/operators.js","s":{"1":1,"2":1,"3":1},"b":{},"f":{},"fnMap":{},"statementMap":{"1":{"start":{"line":2,"column":0},"end":{"line":2,"column":37}},"2":{"start":{"line":3,"column":0},"end":{"line":3,"column":33}},"3":{"start":{"line":4,"column":0},"end":{"line":4,"column":35}}},"branchMap":{},"l":{"2":1,"3":1,"4":1}}}
